2025-08-24 00:39:56,618 - 
\U0001f4c2 Processing BHARTIARTL.csv...
2025-08-24 00:39:56,636 - \u2705 Saved cleaned CSV: data\processed\BHARTIARTL_clean.csv
2025-08-24 00:39:56,648 - 
\U0001f4c2 Processing HDFCBANK.csv...
2025-08-24 00:39:56,664 - \u2705 Saved cleaned CSV: data\processed\HDFCBANK_clean.csv
2025-08-24 00:39:56,672 - 
\U0001f4c2 Processing HINDUNILVR.csv...
2025-08-24 00:39:56,688 - \u2705 Saved cleaned CSV: data\processed\HINDUNILVR_clean.csv
2025-08-24 00:39:56,695 - 
\U0001f4c2 Processing ICICIBANK.csv...
2025-08-24 00:39:56,711 - \u2705 Saved cleaned CSV: data\processed\ICICIBANK_clean.csv
2025-08-24 00:39:56,719 - 
\U0001f4c2 Processing INFY.csv...
2025-08-24 00:39:56,734 - \u2705 Saved cleaned CSV: data\processed\INFY_clean.csv
2025-08-24 00:39:56,742 - 
\U0001f4c2 Processing ITC.csv...
2025-08-24 00:39:56,758 - \u2705 Saved cleaned CSV: data\processed\ITC_clean.csv
2025-08-24 00:39:56,765 - 
\U0001f4c2 Processing LT.csv...
2025-08-24 00:39:56,781 - \u2705 Saved cleaned CSV: data\processed\LT_clean.csv
2025-08-24 00:39:56,788 - 
\U0001f4c2 Processing RELIANCE.csv...
2025-08-24 00:39:56,804 - \u2705 Saved cleaned CSV: data\processed\RELIANCE_clean.csv
2025-08-24 00:39:56,825 - 
\U0001f4c2 Processing SBIN.csv...
2025-08-24 00:39:56,845 - \u2705 Saved cleaned CSV: data\processed\SBIN_clean.csv
2025-08-24 00:39:56,853 - 
\U0001f4c2 Processing TCS.csv...
2025-08-24 00:39:56,868 - \u2705 Saved cleaned CSV: data\processed\TCS_clean.csv
2025-08-24 00:39:56,876 - 
\U0001f389 All stocks processed and saved in data/processed/ and stocks.db
2025-08-24 00:57:47,738 - 
\U0001f4c2 Processing BHARTIARTL.csv...
2025-08-24 00:57:47,756 - \u2705 Saved cleaned CSV: data\processed\BHARTIARTL_clean.csv
2025-08-24 00:57:47,765 - 
\U0001f4c2 Processing HDFCBANK.csv...
2025-08-24 00:57:47,781 - \u2705 Saved cleaned CSV: data\processed\HDFCBANK_clean.csv
2025-08-24 00:57:47,789 - 
\U0001f4c2 Processing HINDUNILVR.csv...
2025-08-24 00:57:47,804 - \u2705 Saved cleaned CSV: data\processed\HINDUNILVR_clean.csv
2025-08-24 00:57:47,811 - 
\U0001f4c2 Processing ICICIBANK.csv...
2025-08-24 00:57:47,827 - \u2705 Saved cleaned CSV: data\processed\ICICIBANK_clean.csv
2025-08-24 00:57:47,835 - 
\U0001f4c2 Processing INFY.csv...
2025-08-24 00:57:47,850 - \u2705 Saved cleaned CSV: data\processed\INFY_clean.csv
2025-08-24 00:57:47,857 - 
\U0001f4c2 Processing ITC.csv...
2025-08-24 00:57:47,874 - \u2705 Saved cleaned CSV: data\processed\ITC_clean.csv
2025-08-24 00:57:47,881 - 
\U0001f4c2 Processing LT.csv...
2025-08-24 00:57:47,897 - \u2705 Saved cleaned CSV: data\processed\LT_clean.csv
2025-08-24 00:57:47,905 - 
\U0001f4c2 Processing RELIANCE.csv...
2025-08-24 00:57:47,921 - \u2705 Saved cleaned CSV: data\processed\RELIANCE_clean.csv
2025-08-24 00:57:47,928 - 
\U0001f4c2 Processing SBIN.csv...
2025-08-24 00:57:47,943 - \u2705 Saved cleaned CSV: data\processed\SBIN_clean.csv
2025-08-24 00:57:47,951 - 
\U0001f4c2 Processing TCS.csv...
2025-08-24 00:57:47,967 - \u2705 Saved cleaned CSV: data\processed\TCS_clean.csv
2025-08-24 00:57:47,974 - 
\U0001f389 All stocks processed and saved in data/processed/ and stocks.db
2025-08-24 01:03:27,836 - 
\U0001f4c2 Processing BHARTIARTL.csv...
2025-08-24 01:03:27,856 - \u2705 Saved cleaned CSV: data\processed\BHARTIARTL_clean.csv
2025-08-24 01:03:27,864 - 
\U0001f4c2 Processing HDFCBANK.csv...
2025-08-24 01:03:27,881 - \u2705 Saved cleaned CSV: data\processed\HDFCBANK_clean.csv
2025-08-24 01:03:27,888 - 
\U0001f4c2 Processing HINDUNILVR.csv...
2025-08-24 01:03:27,904 - \u2705 Saved cleaned CSV: data\processed\HINDUNILVR_clean.csv
2025-08-24 01:03:27,911 - 
\U0001f4c2 Processing ICICIBANK.csv...
2025-08-24 01:03:27,927 - \u2705 Saved cleaned CSV: data\processed\ICICIBANK_clean.csv
2025-08-24 01:03:27,934 - 
\U0001f4c2 Processing INFY.csv...
2025-08-24 01:03:27,950 - \u2705 Saved cleaned CSV: data\processed\INFY_clean.csv
2025-08-24 01:03:27,957 - 
\U0001f4c2 Processing ITC.csv...
2025-08-24 01:03:27,972 - \u2705 Saved cleaned CSV: data\processed\ITC_clean.csv
2025-08-24 01:03:27,980 - 
\U0001f4c2 Processing LT.csv...
2025-08-24 01:03:27,996 - \u2705 Saved cleaned CSV: data\processed\LT_clean.csv
2025-08-24 01:03:28,002 - 
\U0001f4c2 Processing RELIANCE.csv...
2025-08-24 01:03:28,018 - \u2705 Saved cleaned CSV: data\processed\RELIANCE_clean.csv
2025-08-24 01:03:28,026 - 
\U0001f4c2 Processing SBIN.csv...
2025-08-24 01:03:28,041 - \u2705 Saved cleaned CSV: data\processed\SBIN_clean.csv
2025-08-24 01:03:28,048 - 
\U0001f4c2 Processing TCS.csv...
2025-08-24 01:03:28,063 - \u2705 Saved cleaned CSV: data\processed\TCS_clean.csv
2025-08-24 01:03:28,070 - 
\U0001f389 All stocks processed and saved in data/processed/ and stocks.db
2025-08-24 20:10:17,607 - 
📂 Processing ICICIBANK.csv...
2025-08-24 20:10:17,628 - ✅ Saved cleaned CSV: data/processed/ICICIBANK_clean.csv
2025-08-24 20:10:17,648 - 
📂 Processing HINDUNILVR.csv...
2025-08-24 20:10:17,671 - ✅ Saved cleaned CSV: data/processed/HINDUNILVR_clean.csv
2025-08-24 20:10:17,683 - 
📂 Processing HDFCBANK.csv...
2025-08-24 20:10:17,698 - ✅ Saved cleaned CSV: data/processed/HDFCBANK_clean.csv
2025-08-24 20:10:17,707 - 
📂 Processing TCS.csv...
2025-08-24 20:10:17,722 - ✅ Saved cleaned CSV: data/processed/TCS_clean.csv
2025-08-24 20:10:17,731 - 
📂 Processing ITC.csv...
2025-08-24 20:10:17,745 - ✅ Saved cleaned CSV: data/processed/ITC_clean.csv
2025-08-24 20:10:17,755 - 
📂 Processing SBIN.csv...
2025-08-24 20:10:17,769 - ✅ Saved cleaned CSV: data/processed/SBIN_clean.csv
2025-08-24 20:10:17,788 - 
📂 Processing BHARTIARTL.csv...
2025-08-24 20:10:17,802 - ✅ Saved cleaned CSV: data/processed/BHARTIARTL_clean.csv
2025-08-24 20:10:17,811 - 
📂 Processing INFY.csv...
2025-08-24 20:10:17,826 - ✅ Saved cleaned CSV: data/processed/INFY_clean.csv
2025-08-24 20:10:17,834 - 
📂 Processing RELIANCE.csv...
2025-08-24 20:10:17,848 - ✅ Saved cleaned CSV: data/processed/RELIANCE_clean.csv
2025-08-24 20:10:17,857 - 
📂 Processing LT.csv...
2025-08-24 20:10:17,871 - ✅ Saved cleaned CSV: data/processed/LT_clean.csv
2025-08-24 20:10:17,880 - 
🎉 All stocks processed and saved in data/processed/ and stocks.db
