360ONE,failure
3MINDIA,failure
AADHARHFC,failure
AARTIIND,failure
AAVAS,failure
ABB,failure
ABBOTINDIA,failure
ABCAPITAL,failure
ABFRL,failure
ABREL,failure
ABSLAMC,failure
ACC,failure
ACE,failure
ACMESOLAR,failure
ADANIENSOL,failure
ADANIENT,failure
ADANIGREEN,failure
ADANIPORTS,failure
ADANIPOWER,failure
AEGISLOG,failure
AFCONS,failure
AFFLE,failure
AIAENG,failure
AIIL,failure
AJANTPHARM,failure
AKUMS,failure
ALIVUS,failure
ALKEM,failure
ALKYLAMINE,failure
ALOKINDS,failure
AMBER,failure
AMBUJACEM,failure
ANANDRATHI,failure
ANANTRAJ,failure
ANGELONE,failure
APARINDS,failure
APLAPOLLO,failure
APLLTD,failure
APOLLOHOSP,failure
APOLLOTYRE,failure
APTUS,failure
ARE&M,failure
ASAHIINDIA,failure
ASHOKLEY,failure
ASIANPAINT,failure
ASTERDM,failure
ASTRAL,failure
ASTRAZEN,failure
ATGL,failure
ATUL,failure
AUBANK,failure
AUROPHARMA,failure
AWL,failure
AXISBANK,failure
BAJAJ-AUTO,failure
BAJAJFINSV,failure
BAJAJHFL,failure
BAJAJHLDNG,failure
BAJFINANCE,failure
BALKRISIND,failure
BALRAMCHIN,failure
BANDHANBNK,failure
BANKBARODA,failure
BANKINDIA,failure
BASF,failure
BATAINDIA,failure
BAYERCROP,failure
BBTC,failure
BDL,failure
BEL,failure
BEML,failure
BERGEPAINT,failure
BHARATFORG,failure
BHARTIARTL,failure
BHARTIHEXA,failure
BHEL,failure
BIKAJI,failure
BIOCON,failure
BLS,failure
BLUEDART,failure
BLUESTARCO,failure
BOSCHLTD,failure
BPCL,failure
BRIGADE,failure
BRITANNIA,failure
BSE,failure
BSOFT,failure
CAMPUS,failure
CAMS,failure
CANBK,failure
CANFINHOME,failure
CAPLIPOINT,failure
CARBORUNIV,failure
CASTROLIND,failure
CCL,failure
CDSL,failure
CEATLTD,failure
CENTRALBK,failure
CENTURYPLY,failure
CERA,failure
CESC,failure
CGCL,failure
CGPOWER,failure
CHALET,failure
CHAMBLFERT,failure
CHENNPETRO,failure
CHOLAFIN,failure
CHOLAHLDNG,failure
CIPLA,failure
CLEAN,failure
COALINDIA,failure
COCHINSHIP,failure
COFORGE,failure
COHANCE,failure
COLPAL,failure
CONCOR,failure
CONCORDBIO,failure
COROMANDEL,failure
CRAFTSMAN,failure
CREDITACC,failure
CRISIL,failure
CROMPTON,failure
CUB,failure
CUMMINSIND,failure
CYIENT,failure
DABUR,failure
DALBHARAT,failure
DATAPATTNS,failure
DBREALTY,failure
DCMSHRIRAM,failure
DEEPAKFERT,failure
DEEPAKNTR,failure
DELHIVERY,failure
DEVYANI,failure
DIVISLAB,failure
DIXON,failure
DLF,failure
DMART,failure
DOMS,failure
DRREDDY,failure
DUMMYDBRLT,failure
ECLERX,failure
EICHERMOT,failure
EIDPARRY,failure
EIHOTEL,failure
ELECON,failure
ELGIEQUIP,failure
EMAMILTD,failure
EMCURE,failure
ENDURANCE,failure
ENGINERSIN,failure
ERIS,failure
ESCORTS,failure
ETERNAL,failure
EXIDEIND,failure
FACT,failure
FEDERALBNK,failure
FINCABLES,failure
FINPIPE,failure
FIRSTCRY,failure
FIVESTAR,failure
FLUOROCHEM,failure
FORTIS,failure
FSL,failure
GAIL,failure
GESHIP,failure
GICRE,failure
GILLETTE,failure
GLAND,failure
GLAXO,failure
GLENMARK,failure
GMDCLTD,failure
GMRAIRPORT,failure
GNFC,failure
GODFRYPHLP,failure
GODIGIT,failure
GODREJAGRO,failure
GODREJCP,failure
GODREJIND,failure
GODREJPROP,failure
GPIL,failure
GPPL,failure
GRANULES,failure
GRAPHITE,failure
GRASIM,failure
GRAVITA,failure
GRSE,failure
GSPL,failure
GUJGASLTD,failure
GVT&D,failure
HAL,failure
HAPPSTMNDS,failure
HAVELLS,failure
HBLENGINE,failure
HCLTECH,failure
HDFCAMC,failure
HDFCBANK,failure
HDFCLIFE,failure
HEG,failure
HEROMOTOCO,failure
HFCL,failure
HINDALCO,failure
HINDCOPPER,failure
HINDPETRO,failure
HINDUNILVR,failure
HINDZINC,failure
HOMEFIRST,failure
HONASA,failure
HONAUT,failure
HSCL,failure
HUDCO,failure
HYUNDAI,failure
ICICIBANK,failure
ICICIGI,failure
ICICIPRULI,failure
IDBI,failure
IDEA,failure
IDFCFIRSTB,failure
IEX,failure
IFCI,failure
IGIL,failure
IGL,failure
IIFL,failure
IKS,failure
INDGN,failure
INDHOTEL,failure
INDIACEM,failure
INDIAMART,failure
INDIANB,failure
INDIGO,failure
INDUSINDBK,failure
INDUSTOWER,failure
INFY,failure
INOXINDIA,failure
INOXWIND,failure
INTELLECT,failure
IOB,failure
IOC,failure
IPCALAB,failure
IRB,failure
IRCON,failure
IRCTC,failure
IREDA,failure
IRFC,failure
ITC,failure
ITI,failure
J&KBANK,failure
JBCHEPHARM,failure
JBMA,failure
JINDALSAW,failure
JINDALSTEL,failure
JIOFIN,failure
JKCEMENT,failure
JKTYRE,failure
JMFINANCIL,failure
JPPOWER,failure
JSL,failure
JSWENERGY,failure
JSWHL,failure
JSWINFRA,failure
JSWSTEEL,failure
JUBLFOOD,failure
JUBLINGREA,failure
JUBLPHARMA,failure
JUSTDIAL,failure
JWL,failure
JYOTHYLAB,failure
JYOTICNC,failure
KAJARIACER,failure
KALYANKJIL,failure
KANSAINER,failure
KARURVYSYA,failure
KAYNES,failure
KEC,failure
KEI,failure
KFINTECH,failure
KIMS,failure
KIRLOSBROS,failure
KIRLOSENG,failure
KNRCON,failure
KOTAKBANK,failure
KPIL,failure
KPITTECH,failure
KPRMILL,failure
LALPATHLAB,failure
LATENTVIEW,failure
LAURUSLABS,failure
LEMONTREE,failure
LICHSGFIN,failure
LICI,failure
LINDEINDIA,failure
LLOYDSME,failure
LODHA,failure
LT,failure
LTF,failure
LTFOODS,failure
LTIM,failure
LTTS,failure
LUPIN,failure
M&M,failure
M&MFIN,failure
MAHABANK,failure
MAHSEAMLES,failure
MANAPPURAM,failure
MANKIND,failure
MANYAVAR,failure
MAPMYINDIA,failure
MARICO,failure
MARUTI,failure
MASTEK,failure
MAXHEALTH,failure
MAZDOCK,failure
MCX,failure
MEDANTA,failure
METROPOLIS,failure
MFSL,failure
MGL,failure
MINDACORP,failure
MMTC,failure
MOTHERSON,failure
MOTILALOFS,failure
MPHASIS,failure
MRF,failure
MRPL,failure
MSUMI,failure
MUTHOOTFIN,failure
NAM-INDIA,failure
NATCOPHARM,failure
NATIONALUM,failure
NAUKRI,failure
NAVA,failure
NAVINFLUOR,failure
NBCC,failure
NCC,failure
NESTLEIND,failure
NETWEB,failure
NETWORK18,failure
NEULANDLAB,failure
NEWGEN,failure
NH,failure
NHPC,failure
NIACL,failure
NIVABUPA,failure
NLCINDIA,failure
NMDC,failure
NSLNISP,failure
NTPC,failure
NTPCGREEN,failure
NUVAMA,failure
NYKAA,failure
OBEROIRLTY,failure
OFSS,failure
OIL,failure
OLAELEC,failure
OLECTRA,failure
ONGC,failure
PAGEIND,failure
PATANJALI,failure
PAYTM,failure
PCBL,failure
PEL,failure
PERSISTENT,failure
PETRONET,failure
PFC,failure
PFIZER,failure
PGEL,failure
PHOENIXLTD,failure
PIDILITIND,failure
PIIND,failure
PNB,failure
PNBHOUSING,failure
PNCINFRA,failure
POLICYBZR,failure
POLYCAB,failure
POLYMED,failure
POONAWALLA,failure
POWERGRID,failure
POWERINDIA,failure
PPLPHARMA,failure
PRAJIND,failure
PREMIERENE,failure
PRESTIGE,failure
PTCIL,failure
PVRINOX,failure
RADICO,failure
RAILTEL,failure
RAINBOW,failure
RAMCOCEM,failure
RAYMOND,failure
RAYMONDLSL,failure
RBLBANK,failure
RCF,failure
RECLTD,failure
REDINGTON,failure
RELIANCE,failure
RENUKA,failure
RHIM,failure
RITES,failure
RKFORGE,failure
ROUTE,failure
RPOWER,failure
RRKABEL,failure
RTNINDIA,failure
RVNL,failure
SAGILITY,failure
SAIL,failure
SAILIFE,failure
SAMMAANCAP,failure
SAPPHIRE,failure
SARDAEN,failure
SAREGAMA,failure
SBFC,failure
SBICARD,failure
SBILIFE,failure
SBIN,failure
SCHAEFFLER,failure
SCHNEIDER,failure
SCI,failure
SHREECEM,failure
SHRIRAMFIN,failure
SHYAMMETL,failure
SIEMENS,failure
SIGNATURE,failure
SJVN,failure
SKFINDIA,failure
SOBHA,failure
SOLARINDS,failure
SONACOMS,failure
SONATSOFTW,failure
SRF,failure
STARHEALTH,failure
SUMICHEM,failure
SUNDARMFIN,failure
SUNDRMFAST,failure
SUNPHARMA,failure
SUNTV,failure
SUPREMEIND,failure
SUZLON,failure
SWANENERGY,failure
SWIGGY,failure
SWSOLAR,failure
SYNGENE,failure
SYRMA,failure
TANLA,failure
TARIL,failure
TATACHEM,failure
TATACOMM,failure
TATACONSUM,failure
TATAELXSI,failure
TATAINVEST,failure
TATAMOTORS,failure
TATAPOWER,failure
TATASTEEL,failure
TATATECH,failure
TBOTEK,failure
TCS,failure
TECHM,failure
TECHNOE,failure
TEJASNET,failure
THERMAX,failure
TIINDIA,failure
TIMKEN,failure
TITAGARH,failure
TITAN,failure
TORNTPHARM,failure
TORNTPOWER,failure
TRENT,failure
TRIDENT,failure
TRITURBINE,failure
TRIVENI,failure
TTML,failure
TVSMOTOR,failure
UBL,failure
UCOBANK,failure
ULTRACEMCO,failure
UNIONBANK,failure
UNITDSPR,failure
UNOMINDA,failure
UPL,failure
USHAMART,failure
UTIAMC,failure
VBL,failure
VEDL,failure
VGUARD,failure
VIJAYA,failure
VMM,failure
VOLTAS,failure
VTL,failure
WAAREEENER,failure
WELCORP,failure
WELSPUNLIV,failure
WESTLIFE,failure
WHIRLPOOL,failure
WIPRO,failure
WOCKPHARMA,failure
YESBANK,failure
ZEEL,failure
ZENSARTECH,failure
ZENTEC,failure
ZFCVINDIA,failure
ZYDUSLIFE,failure
